<?xml version="1.0" encoding="UTF-8"?>
<!-- Generated by org.testng.reporters.JUnitReportReporter -->
<testsuite hostname="DESKTOP-8T7F95V" failures="0" tests="2" name="testcases.RegisterTest" time="2.300" errors="0" timestamp="2024-10-10T09:53:03 EEST" skipped="0">
  <testcase classname="testcases.RegisterTest" name="userRegister" time="1.206"/>
  <system-out/>
  <testcase classname="testcases.RegisterTest" name="userregistiration" time="1.094"/>
  <system-out/>
</testsuite> <!-- testcases.RegisterTest -->
