<?xml version="1.0" encoding="UTF-8"?>
<!-- Generated by org.testng.reporters.JUnitReportReporter -->
<testsuite hostname="DESKTOP-8T7F95V" failures="0" tests="4" name="testcases.TC10AddCartToWishlist" time="1.993" errors="0" timestamp="2024-10-20T11:50:56 EEST" skipped="0">
  <testcase classname="testcases.TC10AddCartToWishlist" name="userRegister" time="0.505"/>
  <system-out/>
  <testcase classname="testcases.TC10AddCartToWishlist" name="login" time="1.374"/>
  <system-out/>
  <testcase classname="testcases.TC10AddCartToWishlist" name="addwishlist" time="0.072"/>
  <system-out/>
  <testcase classname="testcases.TC10AddCartToWishlist" name="assertsuccess" time="0.042"/>
  <system-out/>
</testsuite> <!-- testcases.TC10AddCartToWishlist -->
