<?xml version="1.0" encoding="UTF-8"?>
<!-- Generated by org.testng.reporters.JUnitReportReporter -->
<testsuite hostname="DESKTOP-8T7F95V" failures="0" tests="2" name="testcases.TC3Registerwithoutcheckprivacy" time="1.765" errors="0" timestamp="2024-10-20T10:15:49 EEST" skipped="0">
  <testcase classname="testcases.TC3Registerwithoutcheckprivacy" name="userRegister" time="0.766"/>
  <system-out/>
  <testcase classname="testcases.TC3Registerwithoutcheckprivacy" name="userregistiration" time="0.999"/>
  <system-out/>
</testsuite> <!-- testcases.TC3Registerwithoutcheckprivacy -->
