<?xml version="1.0" encoding="UTF-8"?>
<!-- Generated by org.testng.reporters.JUnitReportReporter -->
<testsuite hostname="DESKTOP-8T7F95V" failures="0" tests="1" name="testcases.Hometest" time="1.069" errors="0" timestamp="2024-10-09T14:38:25 EEST" skipped="0">
  <testcase classname="testcases.Hometest" name="userRegister" time="1.069"/>
</testsuite> <!-- testcases.Hometest -->
