<?xml version="1.0" encoding="UTF-8"?>
<!-- Generated by org.testng.reporters.JUnitReportReporter -->
<testsuite hostname="DESKTOP-8T7F95V" failures="0" tests="2" name="testcases.TC1Registerwithexistemail" time="1.944" errors="0" timestamp="2024-10-10T17:00:55 EEST" skipped="0">
  <testcase classname="testcases.TC1Registerwithexistemail" name="userRegister" time="0.967"/>
  <system-out/>
  <testcase classname="testcases.TC1Registerwithexistemail" name="userregistiration" time="0.977"/>
  <system-out/>
</testsuite> <!-- testcases.TC1Registerwithexistemail -->
