<?xml version="1.0" encoding="UTF-8"?>
<!-- Generated by org.testng.reporters.JUnitReportReporter -->
<testsuite hostname="DESKTOP-8T7F95V" failures="0" tests="2" name="testcases.TC06SuccessLogin" time="1.332" errors="0" timestamp="2024-10-20T11:53:59 EEST" skipped="0">
  <testcase classname="testcases.TC06SuccessLogin" name="userRegister" time="0.512"/>
  <system-out/>
  <testcase classname="testcases.TC06SuccessLogin" name="login" time="0.820"/>
  <system-out/>
</testsuite> <!-- testcases.TC06SuccessLogin -->
