<?xml version="1.0" encoding="UTF-8"?>
<!-- Generated by org.testng.reporters.JUnitReportReporter -->
<testsuite hostname="DESKTOP-8T7F95V" failures="0" tests="2" name="testcases.TC11LoginWithInvalidEmail" time="1.184" errors="0" timestamp="2024-10-20T12:01:21 EEST" skipped="0">
  <testcase classname="testcases.TC11LoginWithInvalidEmail" name="userRegister" time="0.539"/>
  <system-out/>
  <testcase classname="testcases.TC11LoginWithInvalidEmail" name="login" time="0.645"/>
  <system-out/>
</testsuite> <!-- testcases.TC11LoginWithInvalidEmail -->
