<?xml version="1.0" encoding="UTF-8"?>
<!-- Generated by org.testng.reporters.JUnitReportReporter -->
<testsuite hostname="DESKTOP-8T7F95V" failures="0" tests="2" name="testcases.TC2Registerwithexistemail" time="2.157" errors="0" timestamp="2024-10-14T17:41:06 EEST" skipped="0">
  <testcase classname="testcases.TC2Registerwithexistemail" name="userRegister" time="1.055"/>
  <system-out/>
  <testcase classname="testcases.TC2Registerwithexistemail" name="userregistiration" time="1.102"/>
  <system-out/>
</testsuite> <!-- testcases.TC2Registerwithexistemail -->
