<?xml version="1.0" encoding="UTF-8"?>
<!-- Generated by org.testng.reporters.JUnitReportReporter -->
<testsuite hostname="DESKTOP-8T7F95V" failures="0" tests="2" name="testcases.TC2Registerwithoutcheckprivacy" time="1.960" errors="0" timestamp="2024-10-10T17:00:08 EEST" skipped="0">
  <testcase classname="testcases.TC2Registerwithoutcheckprivacy" name="userRegister" time="0.972"/>
  <system-out/>
  <testcase classname="testcases.TC2Registerwithoutcheckprivacy" name="userregistiration" time="0.988"/>
  <system-out/>
</testsuite> <!-- testcases.TC2Registerwithoutcheckprivacy -->
