<?xml version="1.0" encoding="UTF-8"?>
<!-- Generated by org.testng.reporters.JUnitReportReporter -->
<testsuite hostname="DESKTOP-8T7F95V" failures="0" tests="4" name="testcases.TC09ChangePassword" time="4.172" errors="0" timestamp="2024-10-20T11:52:31 EEST" skipped="0">
  <testcase classname="testcases.TC09ChangePassword" name="userRegister" time="0.799"/>
  <system-out/>
  <testcase classname="testcases.TC09ChangePassword" name="userregistiration" time="1.991"/>
  <system-out/>
  <testcase classname="testcases.TC09ChangePassword" name="chamge" time="1.325"/>
  <system-out/>
  <testcase classname="testcases.TC09ChangePassword" name="assertmessage" time="0.057"/>
  <system-out/>
</testsuite> <!-- testcases.TC09ChangePassword -->
